<?xml version="1.0" encoding="UTF-8"?>
<testng-results ignored="0" total="1" passed="1" failed="0" skipped="0">
  <reporter-output>
  </reporter-output>
  <suite started-at="2025-05-25T13:14:17 COT" name="Default suite" finished-at="2025-05-25T13:14:20 COT" duration-ms="3510">
    <groups>
    </groups>
    <test started-at="2025-05-25T13:14:17 COT" name="Default test" finished-at="2025-05-25T13:14:20 COT" duration-ms="3510">
      <class name="com.chrome.ChromeTest">
        <test-method is-config="true" signature="beforeTest()[pri:0, instance:com.chrome.ChromeTest@4be29ed9]" started-at="2025-05-25T13:14:17 COT" name="beforeTest" finished-at="2025-05-25T13:14:17 COT" duration-ms="29" status="PASS">
          <reporter-output>
          </reporter-output>
        </test-method> <!-- beforeTest -->
        <test-method signature="f()[pri:0, instance:com.chrome.ChromeTest@4be29ed9]" started-at="2025-05-25T13:14:17 COT" name="f" finished-at="2025-05-25T13:14:20 COT" duration-ms="3407" status="PASS">
          <reporter-output>
          </reporter-output>
        </test-method> <!-- f -->
        <test-method is-config="true" signature="afterTest()[pri:0, instance:com.chrome.ChromeTest@4be29ed9]" started-at="2025-05-25T13:14:20 COT" name="afterTest" finished-at="2025-05-25T13:14:20 COT" duration-ms="1" status="PASS">
          <reporter-output>
          </reporter-output>
        </test-method> <!-- afterTest -->
      </class> <!-- com.chrome.ChromeTest -->
    </test> <!-- Default test -->
  </suite> <!-- Default suite -->
</testng-results>
