<?xml version="1.0" encoding="UTF-8"?>
<testng-results ignored="0" total="1" passed="0" failed="1" skipped="0">
  <reporter-output>
    <line>
      <![CDATA[Open Browser "OrangeHRM" web page]]>
    </line>
    <line>
      <![CDATA[Enter User and Password]]>
    </line>
    <line>
      <![CDATA[Click Recruitment]]>
    </line>
    <line>
      <![CDATA[Click Add]]>
    </line>
    <line>
      <![CDATA[Complete Information in the form fields]]>
    </line>
  </reporter-output>
  <suite started-at="2025-05-26T01:22:15 COT" name="Default suite" finished-at="2025-05-26T01:22:43 COT" duration-ms="27076">
    <groups>
    </groups>
    <test started-at="2025-05-26T01:22:15 COT" name="Default test" finished-at="2025-05-26T01:22:43 COT" duration-ms="27076">
      <class name="com.opensource.recruitment.qa.TC001_Recruitment_Add">
        <test-method is-config="true" signature="beforeTest()[pri:0, instance:com.opensource.recruitment.qa.TC001_Recruitment_Add@4be29ed9]" started-at="2025-05-26T01:22:15 COT" name="beforeTest" finished-at="2025-05-26T01:22:16 COT" duration-ms="24" status="PASS">
          <reporter-output>
          </reporter-output>
        </test-method> <!-- beforeTest -->
        <test-method signature="TC001_Recruitment_Add_TC()[pri:0, instance:com.opensource.recruitment.qa.TC001_Recruitment_Add@4be29ed9]" started-at="2025-05-26T01:22:16 COT" name="TC001_Recruitment_Add_TC" finished-at="2025-05-26T01:22:43 COT" duration-ms="26971" status="FAIL">
          <exception class="java.lang.ClassCastException">
            <message>
              <![CDATA[class java.util.ArrayList cannot be cast to class org.openqa.selenium.WebElement (java.util.ArrayList is in module java.base of loader 'bootstrap'; org.openqa.selenium.WebElement is in unnamed module of loader 'app')]]>
            </message>
            <full-stacktrace>
              <![CDATA[java.lang.ClassCastException: class java.util.ArrayList cannot be cast to class org.openqa.selenium.WebElement (java.util.ArrayList is in module java.base of loader 'bootstrap'; org.openqa.selenium.WebElement is in unnamed module of loader 'app')
at com.opensource.recruitment.qa.TC001_Recruitment_Add.TC001_Recruitment_Add_TC(TC001_Recruitment_Add.java:60)
at java.base/jdk.internal.reflect.NativeMethodAccessorImpl.invoke0(Native Method)
at java.base/jdk.internal.reflect.NativeMethodAccessorImpl.invoke(NativeMethodAccessorImpl.java:62)
at java.base/jdk.internal.reflect.DelegatingMethodAccessorImpl.invoke(DelegatingMethodAccessorImpl.java:43)
at java.base/java.lang.reflect.Method.invoke(Method.java:566)
at org.testng.internal.invokers.MethodInvocationHelper.invokeMethod(MethodInvocationHelper.java:139)
at org.testng.internal.invokers.TestInvoker.invokeMethod(TestInvoker.java:677)
at org.testng.internal.invokers.TestInvoker.invokeTestMethod(TestInvoker.java:221)
at org.testng.internal.invokers.MethodRunner.runInSequence(MethodRunner.java:50)
at org.testng.internal.invokers.TestInvoker$MethodInvocationAgent.invoke(TestInvoker.java:962)
at org.testng.internal.invokers.TestInvoker.invokeTestMethods(TestInvoker.java:194)
at org.testng.internal.invokers.TestMethodWorker.invokeTestMethods(TestMethodWorker.java:148)
at org.testng.internal.invokers.TestMethodWorker.run(TestMethodWorker.java:128)
at java.base/java.util.ArrayList.forEach(ArrayList.java:1541)
at org.testng.TestRunner.privateRun(TestRunner.java:806)
at org.testng.TestRunner.run(TestRunner.java:601)
at org.testng.SuiteRunner.runTest(SuiteRunner.java:433)
at org.testng.SuiteRunner.runSequentially(SuiteRunner.java:427)
at org.testng.SuiteRunner.privateRun(SuiteRunner.java:387)
at org.testng.SuiteRunner.run(SuiteRunner.java:330)
at org.testng.SuiteRunnerWorker.runSuite(SuiteRunnerWorker.java:52)
at org.testng.SuiteRunnerWorker.run(SuiteRunnerWorker.java:95)
at org.testng.TestNG.runSuitesSequentially(TestNG.java:1256)
at org.testng.TestNG.runSuitesLocally(TestNG.java:1176)
at org.testng.TestNG.runSuites(TestNG.java:1099)
at org.testng.TestNG.run(TestNG.java:1067)
at org.testng.remote.AbstractRemoteTestNG.run(AbstractRemoteTestNG.java:115)
at org.testng.remote.RemoteTestNG.initAndRun(RemoteTestNG.java:293)
at org.testng.remote.RemoteTestNG.main(RemoteTestNG.java:91)
]]>
            </full-stacktrace>
          </exception> <!-- java.lang.ClassCastException -->
          <reporter-output>
            <line>
              <![CDATA[Open Browser "OrangeHRM" web page]]>
            </line>
            <line>
              <![CDATA[Enter User and Password]]>
            </line>
            <line>
              <![CDATA[Click Recruitment]]>
            </line>
            <line>
              <![CDATA[Click Add]]>
            </line>
            <line>
              <![CDATA[Complete Information in the form fields]]>
            </line>
          </reporter-output>
        </test-method> <!-- TC001_Recruitment_Add_TC -->
        <test-method is-config="true" signature="afterTest()[pri:0, instance:com.opensource.recruitment.qa.TC001_Recruitment_Add@4be29ed9]" started-at="2025-05-26T01:22:43 COT" name="afterTest" finished-at="2025-05-26T01:22:43 COT" duration-ms="1" status="PASS">
          <reporter-output>
          </reporter-output>
        </test-method> <!-- afterTest -->
      </class> <!-- com.opensource.recruitment.qa.TC001_Recruitment_Add -->
    </test> <!-- Default test -->
  </suite> <!-- Default suite -->
</testng-results>
